<?xml version="1.0" encoding="UTF-8"?>
<testsuite name="BookTest" tests="6" skipped="0" failures="0" errors="0" timestamp="2016-09-27T23:46:11" hostname="epicodus-12.local" time="0.191">
  <properties/>
  <testcase name="save_returnsTrueIfDescriptionsAretheSame" classname="BookTest" time="0.158"/>
  <testcase name="Book_instantiatesWithAuthor_String" classname="BookTest" time="0.006"/>
  <testcase name="book_instantiatesCorrectly_true" classname="BookTest" time="0.007"/>
  <testcase name="equals_returnsTrueIfTitleAndAuthorAreSame_true" classname="BookTest" time="0.008"/>
  <testcase name="Book_instantiatesWithTitle_String" classname="BookTest" time="0.006"/>
  <testcase name="Book_instantiatesWithGenre_String" classname="BookTest" time="0.005"/>
  <system-out><![CDATA[]]></system-out>
  <system-err><![CDATA[]]></system-err>
</testsuite>
